2019-01-17 02:43:53,334 ERROR: Exception on /home [GET] [in /usr/lib/python3.7/site-packages/flask/app.py:1761]
Traceback (most recent call last):
  File "/usr/lib/python3.7/site-packages/flask/app.py", line 2292, in wsgi_app
    response = self.full_dispatch_request()
  File "/usr/lib/python3.7/site-packages/flask/app.py", line 1815, in full_dispatch_request
    rv = self.handle_user_exception(e)
  File "/usr/lib/python3.7/site-packages/flask/app.py", line 1718, in handle_user_exception
    reraise(exc_type, exc_value, tb)
  File "/usr/lib/python3.7/site-packages/flask/_compat.py", line 35, in reraise
    raise value
  File "/usr/lib/python3.7/site-packages/flask/app.py", line 1813, in full_dispatch_request
    rv = self.dispatch_request()
  File "/usr/lib/python3.7/site-packages/flask/app.py", line 1799, in dispatch_request
    return self.view_functions[rule.endpoint](**req.view_args)
  File "/home/femij/python/flask_fizzbizz/app/routes.py", line 49, in home
    return render_template('home.html', title='Home', form=form)
  File "/usr/lib/python3.7/site-packages/flask/templating.py", line 135, in render_template
    context, ctx.app)
  File "/usr/lib/python3.7/site-packages/flask/templating.py", line 117, in _render
    rv = template.render(context)
  File "/usr/lib/python3.7/site-packages/jinja2/asyncsupport.py", line 76, in render
    return original_render(self, *args, **kwargs)
  File "/usr/lib/python3.7/site-packages/jinja2/environment.py", line 1008, in render
    return self.environment.handle_exception(exc_info, True)
  File "/usr/lib/python3.7/site-packages/jinja2/environment.py", line 780, in handle_exception
    reraise(exc_type, exc_value, tb)
  File "/usr/lib/python3.7/site-packages/jinja2/_compat.py", line 37, in reraise
    raise value.with_traceback(tb)
  File "/home/femij/python/flask_fizzbizz/app/templates/home.html", line 1, in top-level template code
    {% extends "base.html" %}
  File "/home/femij/python/flask_fizzbizz/app/templates/base.html", line 1, in top-level template code
    {% extends 'bootstrap/base.html' %}
  File "/usr/lib/python3.7/site-packages/flask/templating.py", line 58, in get_source
    return self._get_source_fast(environment, template)
  File "/usr/lib/python3.7/site-packages/flask/templating.py", line 86, in _get_source_fast
    raise TemplateNotFound(template)
jinja2.exceptions.TemplateNotFound: bootstrap/base.html
2019-01-17 02:53:37,133 INFO: FizzBizz startup [in /home/femij/python/flask_fizzbizz/app/__init__.py:27]
2019-01-17 02:53:44,794 ERROR: Exception on / [GET] [in /usr/lib/python3.7/site-packages/flask/app.py:1761]
Traceback (most recent call last):
  File "/usr/lib/python3.7/site-packages/flask/app.py", line 2292, in wsgi_app
    response = self.full_dispatch_request()
  File "/usr/lib/python3.7/site-packages/flask/app.py", line 1815, in full_dispatch_request
    rv = self.handle_user_exception(e)
  File "/usr/lib/python3.7/site-packages/flask/app.py", line 1718, in handle_user_exception
    reraise(exc_type, exc_value, tb)
  File "/usr/lib/python3.7/site-packages/flask/_compat.py", line 35, in reraise
    raise value
  File "/usr/lib/python3.7/site-packages/flask/app.py", line 1813, in full_dispatch_request
    rv = self.dispatch_request()
  File "/usr/lib/python3.7/site-packages/flask/app.py", line 1799, in dispatch_request
    return self.view_functions[rule.endpoint](**req.view_args)
  File "/home/femij/python/flask_fizzbizz/app/routes.py", line 49, in home
    return render_template('home.html', title='Home', form=form)
  File "/usr/lib/python3.7/site-packages/flask/templating.py", line 135, in render_template
    context, ctx.app)
  File "/usr/lib/python3.7/site-packages/flask/templating.py", line 117, in _render
    rv = template.render(context)
  File "/usr/lib/python3.7/site-packages/jinja2/asyncsupport.py", line 76, in render
    return original_render(self, *args, **kwargs)
  File "/usr/lib/python3.7/site-packages/jinja2/environment.py", line 1008, in render
    return self.environment.handle_exception(exc_info, True)
  File "/usr/lib/python3.7/site-packages/jinja2/environment.py", line 780, in handle_exception
    reraise(exc_type, exc_value, tb)
  File "/usr/lib/python3.7/site-packages/jinja2/_compat.py", line 37, in reraise
    raise value.with_traceback(tb)
  File "/home/femij/python/flask_fizzbizz/app/templates/base.html", line 37, in template
    {% block content %}{% endblock %}
  File "/usr/lib/python3.7/site-packages/jinja2/environment.py", line 1005, in render
    return concat(self.root_render_func(self.new_context(vars)))
  File "/home/femij/python/flask_fizzbizz/app/templates/home.html", line 1, in top-level template code
    {% extends "base.html" %}
  File "/usr/lib/python3.7/site-packages/jinja2/environment.py", line 780, in handle_exception
    reraise(exc_type, exc_value, tb)
  File "/usr/lib/python3.7/site-packages/jinja2/_compat.py", line 37, in reraise
    raise value.with_traceback(tb)
  File "/home/femij/python/flask_fizzbizz/app/templates/base.html", line 37, in template
    {% block content %}{% endblock %}
  File "/usr/lib/python3.7/site-packages/jinja2/environment.py", line 543, in _generate
    optimized=self.optimized)
  File "/usr/lib/python3.7/site-packages/jinja2/compiler.py", line 82, in generate
    generator.visit(node)
  File "/usr/lib/python3.7/site-packages/jinja2/visitor.py", line 38, in visit
    return f(node, *args, **kwargs)
  File "/usr/lib/python3.7/site-packages/jinja2/compiler.py", line 718, in visit_Template
    self.fail('block %r defined twice' % block.name, block.lineno)
  File "/usr/lib/python3.7/site-packages/jinja2/compiler.py", line 315, in fail
    raise TemplateAssertionError(msg, lineno, self.name, self.filename)
jinja2.exceptions.TemplateAssertionError: block 'content' defined twice
2019-01-17 02:54:41,299 INFO: FizzBizz startup [in /home/femij/python/flask_fizzbizz/app/__init__.py:27]
2019-01-17 02:54:41,705 INFO: FizzBizz startup [in /home/femij/python/flask_fizzbizz/app/__init__.py:27]
2019-01-17 02:55:25,883 INFO: FizzBizz startup [in /home/femij/python/flask_fizzbizz/app/__init__.py:27]
2019-01-17 03:42:43,889 INFO: FizzBizz startup [in /home/femij/python/flask_fizzbizz/app/__init__.py:27]
2019-01-17 03:46:03,527 INFO: FizzBizz startup [in /home/femij/python/flask_fizzbizz/app/__init__.py:27]
2019-01-17 03:47:26,204 INFO: FizzBizz startup [in /home/femij/python/flask_fizzbizz/app/__init__.py:27]
2019-01-17 10:25:53,193 INFO: FizzBizz startup [in /home/femij/python/flask_fizzbizz/app/__init__.py:27]
2019-01-17 10:28:16,996 INFO: FizzBizz startup [in /home/femij/python/flask_fizzbizz/app/__init__.py:27]
